<?xml version="1.0" encoding="UTF-8"?>
<robot generator="Robot 7.4.1 (Python 3.11.14 on linux)" generated="2026-01-31T20:19:03.969248" rpa="false" schemaversion="5">
<suite id="s1" name="Tests" source="/home/runner/work/loginAppKotlin-tests/loginAppKotlin-tests/tests">
<suite id="s1-s1" name="Login" source="/home/runner/work/loginAppKotlin-tests/loginAppKotlin-tests/tests/login.robot">
<kw name="Abrir Aplicacion" owner="common" type="SETUP">
<kw name="Open Application" owner="AppiumLibrary">
<arg>${REMOTE_URL}</arg>
<arg>platformName=${platformName}</arg>
<arg>deviceName=${deviceName}</arg>
<arg>automationName=${automationName}</arg>
<arg>appPackage=${appPackage}</arg>
<arg>appActivity=${appActivity}</arg>
<arg>avd=${avd}</arg>
<arg>app=${app}</arg>
<arg>newCommandTimeout=${newCommandTimeout}</arg>
<arg>adbExecTimeout=${adbExecTimeout}</arg>
<arg>autoGrantPermissions=${autoGrantPermissions}</arg>
<arg>noReset=${noReset}</arg>
<doc>Opens a new application to the given Appium server.
Capabilities of appium server, Android and iOS,
Please check https://appium.io/docs/en/2.19/guides/caps/
| *Option*            | *Man.* | *Description*     |
| remote_url          | Yes    | Appium server url |
| alias               | No     | alias             |</doc>
<status status="PASS" start="2026-01-31T20:19:04.190299" elapsed="122.546178"/>
</kw>
<status status="PASS" start="2026-01-31T20:19:04.189796" elapsed="122.546850"/>
</kw>
<test id="s1-s1-t1" name="Login exitoso con credenciales validas" line="14">
<kw name="Ingresar credenciales validas" owner="common">
<kw name="Wait Until Element Is Visible" owner="AppiumLibrary">
<msg time="2026-01-31T20:21:24.979374" level="INFO">xpath criteria: //*[@content-desc="login_title"]</msg>
<arg>${TituloAPP}</arg>
<arg>25s</arg>
<doc>Waits until the element specified by the ``locator`` is visible.</doc>
<status status="PASS" start="2026-01-31T20:21:06.744205" elapsed="18.235294"/>
</kw>
<kw name="Wait Until Element Is Visible" owner="AppiumLibrary">
<msg time="2026-01-31T20:21:26.281456" level="INFO">xpath criteria: //android.widget.EditText[.//*[@content-desc="email_input"]]</msg>
<arg>${Email}</arg>
<arg>25s</arg>
<doc>Waits until the element specified by the ``locator`` is visible.</doc>
<status status="PASS" start="2026-01-31T20:21:24.979746" elapsed="1.301823"/>
</kw>
<kw name="Wait Until Element Is Visible" owner="AppiumLibrary">
<msg time="2026-01-31T20:21:27.371002" level="INFO">xpath criteria: //android.widget.EditText[.//*[@content-desc="password_input"]]</msg>
<arg>${Password}</arg>
<arg>25s</arg>
<doc>Waits until the element specified by the ``locator`` is visible.</doc>
<status status="PASS" start="2026-01-31T20:21:26.281800" elapsed="1.089329"/>
</kw>
<kw name="Input Text" owner="AppiumLibrary">
<msg time="2026-01-31T20:21:27.373588" level="INFO">Typing text 'admin@test.com' into text field 'xpath=//android.widget.EditText[.//*[@content-desc="email_input"]]'</msg>
<msg time="2026-01-31T20:21:28.682592" level="INFO">xpath criteria: //android.widget.EditText[.//*[@content-desc="email_input"]]</msg>
<arg>${Email}</arg>
<arg>${USERNAME}</arg>
<doc>Types the given ``text`` into the text field identified by ``locator``.</doc>
<status status="PASS" start="2026-01-31T20:21:27.371381" elapsed="1.311336"/>
</kw>
<kw name="Input Password" owner="AppiumLibrary">
<msg time="2026-01-31T20:21:28.685104" level="INFO">Typing password into text field 'xpath=//android.widget.EditText[.//*[@content-desc="password_input"]]'</msg>
<msg time="2026-01-31T20:21:30.644965" level="INFO">xpath criteria: //android.widget.EditText[.//*[@content-desc="password_input"]]</msg>
<arg>${Password}</arg>
<arg>${CONTRASENA}</arg>
<doc>Types the given password into the text field identified by ``locator``.</doc>
<status status="PASS" start="2026-01-31T20:21:28.683000" elapsed="1.962056"/>
</kw>
<kw name="Capture Page Screenshot" owner="AppiumLibrary">
<msg time="2026-01-31T20:21:37.380683" level="INFO" html="true">&lt;/td&gt;&lt;/tr&gt;&lt;tr&gt;&lt;td colspan="3"&gt;&lt;a href="pantalla_login.png"&gt;&lt;img src="pantalla_login.png" width="800px"&gt;&lt;/a&gt;</msg>
<arg>pantalla_login.png</arg>
<doc>Takes a screenshot of the current page and embeds it into the log.</doc>
<status status="PASS" start="2026-01-31T20:21:30.645217" elapsed="6.735585"/>
</kw>
<status status="PASS" start="2026-01-31T20:21:06.743936" elapsed="30.637002"/>
</kw>
<kw name="Hacer Login" owner="common">
<kw name="Wait Until Element Is Visible" owner="AppiumLibrary">
<msg time="2026-01-31T20:21:38.714527" level="INFO">xpath criteria: //*[@content-desc="login_button"]</msg>
<arg>${IniciarSesion}</arg>
<arg>25s</arg>
<doc>Waits until the element specified by the ``locator`` is visible.</doc>
<status status="PASS" start="2026-01-31T20:21:37.381454" elapsed="1.333201"/>
</kw>
<kw name="Capture Page Screenshot" owner="AppiumLibrary">
<msg time="2026-01-31T20:21:44.503186" level="INFO" html="true">&lt;/td&gt;&lt;/tr&gt;&lt;tr&gt;&lt;td colspan="3"&gt;&lt;a href="captura_login.png"&gt;&lt;img src="captura_login.png" width="800px"&gt;&lt;/a&gt;</msg>
<arg>captura_login.png</arg>
<doc>Takes a screenshot of the current page and embeds it into the log.</doc>
<status status="PASS" start="2026-01-31T20:21:38.714816" elapsed="5.788501"/>
</kw>
<kw name="Click Element" owner="AppiumLibrary">
<msg time="2026-01-31T20:21:44.505578" level="INFO">Clicking element 'xpath=//*[@content-desc="login_button"]'.</msg>
<msg time="2026-01-31T20:21:45.767448" level="INFO">xpath criteria: //*[@content-desc="login_button"]</msg>
<arg>${IniciarSesion}</arg>
<doc>Clicks the element identified by ``locator``.</doc>
<status status="PASS" start="2026-01-31T20:21:44.503505" elapsed="1.264051"/>
</kw>
<status status="PASS" start="2026-01-31T20:21:37.381178" elapsed="8.386509"/>
</kw>
<kw name="Hacer Logout" owner="common">
<kw name="Wait Until Element Is Visible" owner="AppiumLibrary">
<msg time="2026-01-31T20:21:49.244300" level="INFO">xpath criteria: //*[@content-desc="logout_button_main"]</msg>
<arg>${LOGOUT}</arg>
<arg>25s</arg>
<doc>Waits until the element specified by the ``locator`` is visible.</doc>
<status status="PASS" start="2026-01-31T20:21:45.768241" elapsed="3.476169"/>
</kw>
<kw name="Click Element" owner="AppiumLibrary">
<msg time="2026-01-31T20:21:49.245808" level="INFO">Clicking element 'xpath=//*[@content-desc="logout_button_main"]'.</msg>
<msg time="2026-01-31T20:21:50.484606" level="INFO">xpath criteria: //*[@content-desc="logout_button_main"]</msg>
<arg>${LOGOUT}</arg>
<doc>Clicks the element identified by ``locator``.</doc>
<status status="PASS" start="2026-01-31T20:21:49.244559" elapsed="1.240154"/>
</kw>
<status status="PASS" start="2026-01-31T20:21:45.767972" elapsed="4.716859"/>
</kw>
<doc>Verifica que un usuario puede iniciar y cerrar sesión con credenciales válidas</doc>
<tag>pruebas mobile</tag>
<status status="PASS" start="2026-01-31T20:21:06.743221" elapsed="43.741809"/>
</test>
<kw name="Cerrar Aplicacion" owner="common" type="TEARDOWN">
<kw name="Wait Until Element Is Visible" owner="AppiumLibrary">
<msg time="2026-01-31T20:21:53.400890" level="INFO">xpath criteria: //*[@content-desc="login_title"]</msg>
<arg>${TituloAPP}</arg>
<arg>25s</arg>
<doc>Waits until the element specified by the ``locator`` is visible.</doc>
<status status="PASS" start="2026-01-31T20:21:50.485993" elapsed="2.914979"/>
</kw>
<kw name="Close Application" owner="AppiumLibrary">
<doc>Closes the current application and the webdriver session.</doc>
<status status="PASS" start="2026-01-31T20:21:53.401114" elapsed="8.680579"/>
</kw>
<status status="PASS" start="2026-01-31T20:21:50.485735" elapsed="11.596096"/>
</kw>
<status status="PASS" start="2026-01-31T20:19:04.000019" elapsed="178.081885"/>
</suite>
<status status="PASS" start="2026-01-31T20:19:03.975216" elapsed="178.107488"/>
</suite>
<statistics>
<total>
<stat pass="1" fail="0" skip="0">All Tests</stat>
</total>
<tag>
<stat pass="1" fail="0" skip="0">pruebas mobile</stat>
</tag>
<suite>
<stat name="Tests" id="s1" pass="1" fail="0" skip="0">Tests</stat>
<stat name="Login" id="s1-s1" pass="1" fail="0" skip="0">Tests.Login</stat>
</suite>
</statistics>
<errors>
</errors>
</robot>
