<?xml version="1.0" encoding="UTF-8"?>
<robot generator="Robot 7.4.1 (Python 3.11.14 on linux)" generated="2026-01-31T05:19:40.768151" rpa="false" schemaversion="5">
<suite id="s1" name="Tests" source="/home/runner/work/loginAppKotlin-tests/loginAppKotlin-tests/tests">
<suite id="s1-s1" name="Login" source="/home/runner/work/loginAppKotlin-tests/loginAppKotlin-tests/tests/login.robot">
<kw name="Abrir Aplicacion" owner="common" type="SETUP">
<kw name="Open Application" owner="AppiumLibrary">
<arg>${REMOTE_URL}</arg>
<arg>platformName=${platformName}</arg>
<arg>deviceName=${deviceName}</arg>
<arg>automationName=${automationName}</arg>
<arg>appPackage=${appPackage}</arg>
<arg>appActivity=${appActivity}</arg>
<arg>avd=${avd}</arg>
<arg>app=${app}</arg>
<arg>newCommandTimeout=${newCommandTimeout}</arg>
<arg>adbExecTimeout=${adbExecTimeout}</arg>
<arg>autoGrantPermissions=${autoGrantPermissions}</arg>
<arg>noReset=${noReset}</arg>
<doc>Opens a new application to the given Appium server.
Capabilities of appium server, Android and iOS,
Please check https://appium.io/docs/en/2.19/guides/caps/
| *Option*            | *Man.* | *Description*     |
| remote_url          | Yes    | Appium server url |
| alias               | No     | alias             |</doc>
<status status="PASS" start="2026-01-31T05:19:41.007546" elapsed="96.717013"/>
</kw>
<status status="PASS" start="2026-01-31T05:19:41.007032" elapsed="96.717669"/>
</kw>
<test id="s1-s1-t1" name="Login exitoso con credenciales validas" line="11">
<kw name="Ingresar credenciales validas" owner="common">
<kw name="Sleep" owner="BuiltIn">
<msg time="2026-01-31T05:21:37.725995" level="INFO">Slept 20 seconds.</msg>
<arg>20</arg>
<doc>Pauses the test executed for the given time.</doc>
<status status="PASS" start="2026-01-31T05:21:17.725606" elapsed="20.000522"/>
</kw>
<kw name="Input Text" owner="AppiumLibrary">
<msg time="2026-01-31T05:21:37.727715" level="INFO">Typing text 'admin@test.com' into text field 'xpath=//android.widget.EditText[@password='false' and .//android.widget.TextView[@text='Correo Electrónico']]'</msg>
<msg time="2026-01-31T05:21:42.847969" level="INFO">xpath criteria: //android.widget.EditText[@password='false' and .//android.widget.TextView[@text='Correo Electrónico']]</msg>
<arg>${Email}</arg>
<arg>${USERNAME}</arg>
<doc>Types the given ``text`` into the text field identified by ``locator``.</doc>
<status status="PASS" start="2026-01-31T05:21:37.726318" elapsed="5.121745"/>
</kw>
<kw name="Input Password" owner="AppiumLibrary">
<msg time="2026-01-31T05:21:42.849658" level="INFO">Typing password into text field 'xpath=//android.widget.EditText[@password='true' and .//android.widget.TextView[@text='Contraseña']]'</msg>
<msg time="2026-01-31T05:21:45.204214" level="INFO">xpath criteria: //android.widget.EditText[@password='true' and .//android.widget.TextView[@text='Contraseña']]</msg>
<arg>${Password}</arg>
<arg>${CONTRASENA}</arg>
<doc>Types the given password into the text field identified by ``locator``.</doc>
<status status="PASS" start="2026-01-31T05:21:42.848241" elapsed="2.356098"/>
</kw>
<kw name="Capture Page Screenshot" owner="AppiumLibrary">
<msg time="2026-01-31T05:21:50.650717" level="INFO" html="true">&lt;/td&gt;&lt;/tr&gt;&lt;tr&gt;&lt;td colspan="3"&gt;&lt;a href="debug_screen.png"&gt;&lt;img src="debug_screen.png" width="800px"&gt;&lt;/a&gt;</msg>
<arg>debug_screen.png</arg>
<doc>Takes a screenshot of the current page and embeds it into the log.</doc>
<status status="PASS" start="2026-01-31T05:21:45.204553" elapsed="5.446313"/>
</kw>
<status status="PASS" start="2026-01-31T05:21:17.725323" elapsed="32.925676"/>
</kw>
<tag>pruebas mobile</tag>
<status status="PASS" start="2026-01-31T05:21:17.724774" elapsed="32.926400"/>
</test>
<kw name="Cerrar Aplicacion" owner="common" type="TEARDOWN">
<kw name="Close Application" owner="AppiumLibrary">
<doc>Closes the current application and the webdriver session.</doc>
<status status="PASS" start="2026-01-31T05:21:50.652270" elapsed="5.695944"/>
</kw>
<status status="PASS" start="2026-01-31T05:21:50.651967" elapsed="5.696440"/>
</kw>
<status status="PASS" start="2026-01-31T05:19:40.810877" elapsed="135.537587"/>
</suite>
<status status="PASS" start="2026-01-31T05:19:40.775743" elapsed="135.573524"/>
</suite>
<statistics>
<total>
<stat pass="1" fail="0" skip="0">All Tests</stat>
</total>
<tag>
<stat pass="1" fail="0" skip="0">pruebas mobile</stat>
</tag>
<suite>
<stat name="Tests" id="s1" pass="1" fail="0" skip="0">Tests</stat>
<stat name="Login" id="s1-s1" pass="1" fail="0" skip="0">Tests.Login</stat>
</suite>
</statistics>
<errors>
</errors>
</robot>
