<?xml version="1.0" encoding="UTF-8"?>
<robot generator="Robot 7.4.1 (Python 3.10.12 on linux)" generated="2026-02-01T16:55:07.788520" rpa="false" schemaversion="5">
<suite id="s1" name="Tests" source="/app/tests">
<suite id="s1-s1" name="Login" source="/app/tests/login.robot">
<kw name="Abrir Aplicacion" owner="common" type="SETUP">
<if>
<branch type="IF" condition="'${ENV}' == 'ci'">
<kw name="Abrir Aplicacion CI" owner="common">
<status status="NOT RUN" start="2026-02-01T16:55:08.336470" elapsed="0.000047"/>
</kw>
<status status="NOT RUN" start="2026-02-01T16:55:08.336073" elapsed="0.000523"/>
</branch>
<branch type="ELSE">
<kw name="Abrir Aplicacion Local" owner="common">
<kw name="Open Application" owner="AppiumLibrary">
<arg>${APPIUM_SERVER}</arg>
<arg>platformName=${platformName}</arg>
<arg>appium:deviceName=${deviceName}</arg>
<arg>appium:automationName=${automationName}</arg>
<arg>appium:appPackage=${appPackage}</arg>
<arg>appium:appActivity=${appActivity}</arg>
<arg>appium:avd=${avd}</arg>
<arg>appium:app=${app}</arg>
<arg>appium:newCommandTimeout=${newCommandTimeout}</arg>
<arg>appium:adbExecTimeout=${adbExecTimeout}</arg>
<arg>appium:autoGrantPermissions=${autoGrantPermissions}</arg>
<arg>appium:noReset=${noReset}</arg>
<doc>Opens a new application to the given Appium server.
Capabilities of appium server, Android and iOS,
Please check https://appium.io/docs/en/2.19/guides/caps/
| *Option*            | *Man.* | *Description*     |
| remote_url          | Yes    | Appium server url |
| alias               | No     | alias             |</doc>
<status status="PASS" start="2026-02-01T16:55:08.337731" elapsed="22.067523"/>
</kw>
<status status="PASS" start="2026-02-01T16:55:08.336872" elapsed="22.068696"/>
</kw>
<status status="PASS" start="2026-02-01T16:55:08.336650" elapsed="22.068987"/>
</branch>
<status status="PASS" start="2026-02-01T16:55:08.336023" elapsed="22.069705"/>
</if>
<status status="PASS" start="2026-02-01T16:55:08.335682" elapsed="22.070158"/>
</kw>
<test id="s1-s1-t1" name="Login exitoso con credenciales validas" line="14">
<kw name="Ingresar credenciales validas" owner="common">
<kw name="Wait Until Element Is Visible" owner="AppiumLibrary">
<msg time="2026-02-01T16:55:31.304147" level="INFO">xpath criteria: //*[@content-desc="login_title"]</msg>
<arg>${TituloAPP}</arg>
<arg>25s</arg>
<doc>Waits until the element specified by the ``locator`` is visible.</doc>
<status status="PASS" start="2026-02-01T16:55:30.407624" elapsed="0.896723"/>
</kw>
<kw name="Wait Until Element Is Visible" owner="AppiumLibrary">
<msg time="2026-02-01T16:55:31.458624" level="INFO">xpath criteria: //android.widget.EditText[.//*[@content-desc="email_input"]]</msg>
<arg>${Email}</arg>
<arg>25s</arg>
<doc>Waits until the element specified by the ``locator`` is visible.</doc>
<status status="PASS" start="2026-02-01T16:55:31.304710" elapsed="0.154145"/>
</kw>
<kw name="Wait Until Element Is Visible" owner="AppiumLibrary">
<msg time="2026-02-01T16:55:31.586538" level="INFO">xpath criteria: //android.widget.EditText[.//*[@content-desc="password_input"]]</msg>
<arg>${Password}</arg>
<arg>25s</arg>
<doc>Waits until the element specified by the ``locator`` is visible.</doc>
<status status="PASS" start="2026-02-01T16:55:31.459232" elapsed="0.127523"/>
</kw>
<kw name="Input Text" owner="AppiumLibrary">
<msg time="2026-02-01T16:55:31.589925" level="INFO">Typing text 'admin@test.com' into text field 'xpath=//android.widget.EditText[.//*[@content-desc="email_input"]]'</msg>
<msg time="2026-02-01T16:55:31.715054" level="INFO">xpath criteria: //android.widget.EditText[.//*[@content-desc="email_input"]]</msg>
<arg>${Email}</arg>
<arg>${USERNAME}</arg>
<doc>Types the given ``text`` into the text field identified by ``locator``.</doc>
<status status="PASS" start="2026-02-01T16:55:31.587069" elapsed="0.128145"/>
</kw>
<kw name="Input Password" owner="AppiumLibrary">
<msg time="2026-02-01T16:55:31.718405" level="INFO">Typing password into text field 'xpath=//android.widget.EditText[.//*[@content-desc="password_input"]]'</msg>
<msg time="2026-02-01T16:55:32.232328" level="INFO">xpath criteria: //android.widget.EditText[.//*[@content-desc="password_input"]]</msg>
<arg>${Password}</arg>
<arg>${CONTRASENA}</arg>
<doc>Types the given password into the text field identified by ``locator``.</doc>
<status status="PASS" start="2026-02-01T16:55:31.715529" elapsed="0.516959"/>
</kw>
<kw name="Capture Page Screenshot" owner="AppiumLibrary">
<msg time="2026-02-01T16:55:33.012132" level="INFO" html="true">&lt;/td&gt;&lt;/tr&gt;&lt;tr&gt;&lt;td colspan="3"&gt;&lt;a href="pantalla_login.png"&gt;&lt;img src="pantalla_login.png" width="800px"&gt;&lt;/a&gt;</msg>
<arg>pantalla_login.png</arg>
<doc>Takes a screenshot of the current page and embeds it into the log.</doc>
<status status="PASS" start="2026-02-01T16:55:32.232845" elapsed="0.779486"/>
</kw>
<status status="PASS" start="2026-02-01T16:55:30.407144" elapsed="2.605355"/>
</kw>
<kw name="Hacer Login" owner="common">
<kw name="Wait Until Element Is Visible" owner="AppiumLibrary">
<msg time="2026-02-01T16:55:33.137973" level="INFO">xpath criteria: //*[@content-desc="login_button"]</msg>
<arg>${IniciarSesion}</arg>
<arg>25s</arg>
<doc>Waits until the element specified by the ``locator`` is visible.</doc>
<status status="PASS" start="2026-02-01T16:55:33.013330" elapsed="0.124799"/>
</kw>
<kw name="Capture Page Screenshot" owner="AppiumLibrary">
<msg time="2026-02-01T16:55:33.379094" level="INFO" html="true">&lt;/td&gt;&lt;/tr&gt;&lt;tr&gt;&lt;td colspan="3"&gt;&lt;a href="captura_login.png"&gt;&lt;img src="captura_login.png" width="800px"&gt;&lt;/a&gt;</msg>
<arg>captura_login.png</arg>
<doc>Takes a screenshot of the current page and embeds it into the log.</doc>
<status status="PASS" start="2026-02-01T16:55:33.138432" elapsed="0.240843"/>
</kw>
<kw name="Click Element" owner="AppiumLibrary">
<msg time="2026-02-01T16:55:33.382106" level="INFO">Clicking element 'xpath=//*[@content-desc="login_button"]'.</msg>
<msg time="2026-02-01T16:55:33.656773" level="INFO">xpath criteria: //*[@content-desc="login_button"]</msg>
<arg>${IniciarSesion}</arg>
<doc>Clicks the element identified by ``locator``.</doc>
<status status="PASS" start="2026-02-01T16:55:33.379548" elapsed="0.277419"/>
</kw>
<status status="PASS" start="2026-02-01T16:55:33.012880" elapsed="0.644263"/>
</kw>
<kw name="Hacer Logout" owner="common">
<kw name="Wait Until Element Is Visible" owner="AppiumLibrary">
<msg time="2026-02-01T16:55:34.729631" level="INFO">xpath criteria: //*[@content-desc="logout_button_main"]</msg>
<arg>${LOGOUT}</arg>
<arg>25s</arg>
<doc>Waits until the element specified by the ``locator`` is visible.</doc>
<status status="PASS" start="2026-02-01T16:55:33.658139" elapsed="1.071723"/>
</kw>
<kw name="Click Element" owner="AppiumLibrary">
<msg time="2026-02-01T16:55:34.733230" level="INFO">Clicking element 'xpath=//*[@content-desc="logout_button_main"]'.</msg>
<msg time="2026-02-01T16:55:35.007373" level="INFO">xpath criteria: //*[@content-desc="logout_button_main"]</msg>
<arg>${LOGOUT}</arg>
<doc>Clicks the element identified by ``locator``.</doc>
<status status="PASS" start="2026-02-01T16:55:34.730235" elapsed="0.277297"/>
</kw>
<status status="PASS" start="2026-02-01T16:55:33.657537" elapsed="1.350166"/>
</kw>
<doc>Verifica que un usuario puede iniciar y cerrar sesión con credenciales válidas</doc>
<tag>pruebas mobile</tag>
<status status="PASS" start="2026-02-01T16:55:30.405970" elapsed="4.601959"/>
</test>
<kw name="Cerrar Aplicacion" owner="common" type="TEARDOWN">
<kw name="Wait Until Element Is Visible" owner="AppiumLibrary">
<msg time="2026-02-01T16:55:35.536513" level="INFO">xpath criteria: //*[@content-desc="login_title"]</msg>
<arg>${TituloAPP}</arg>
<arg>25s</arg>
<doc>Waits until the element specified by the ``locator`` is visible.</doc>
<status status="PASS" start="2026-02-01T16:55:35.009347" elapsed="0.527353"/>
</kw>
<kw name="Close Application" owner="AppiumLibrary">
<doc>Closes the current application and the webdriver session.</doc>
<status status="PASS" start="2026-02-01T16:55:35.537021" elapsed="2.047492"/>
</kw>
<status status="PASS" start="2026-02-01T16:55:35.008996" elapsed="2.575741"/>
</kw>
<status status="PASS" start="2026-02-01T16:55:07.837461" elapsed="29.747434"/>
</suite>
<status status="PASS" start="2026-02-01T16:55:07.791973" elapsed="29.793959"/>
</suite>
<statistics>
<total>
<stat pass="1" fail="0" skip="0">All Tests</stat>
</total>
<tag>
<stat pass="1" fail="0" skip="0">pruebas mobile</stat>
</tag>
<suite>
<stat name="Tests" id="s1" pass="1" fail="0" skip="0">Tests</stat>
<stat name="Login" id="s1-s1" pass="1" fail="0" skip="0">Tests.Login</stat>
</suite>
</statistics>
<errors>
</errors>
</robot>
