<?xml version="1.0" encoding="UTF-8"?>
<robot generator="Robot 7.4.1 (Python 3.10.12 on linux)" generated="2026-02-01T16:12:31.376207" rpa="false" schemaversion="5">
<suite id="s1" name="Tests" source="/app/tests">
<suite id="s1-s1" name="Login" source="/app/tests/login.robot">
<kw name="Abrir Aplicacion" owner="common" type="SETUP">
<if>
<branch type="IF" condition="'${ENV}' == 'ci'">
<kw name="Abrir Aplicacion CI" owner="common">
<status status="NOT RUN" start="2026-02-01T16:12:31.596989" elapsed="0.000034"/>
</kw>
<status status="NOT RUN" start="2026-02-01T16:12:31.596664" elapsed="0.000417"/>
</branch>
<branch type="ELSE">
<kw name="Abrir Aplicacion Local" owner="common">
<kw name="Open Application" owner="AppiumLibrary">
<kw name="Capture Page Screenshot" owner="AppiumLibrary">
<msg time="2026-02-01T16:12:31.693879" level="FAIL">No application is open</msg>
<doc>Takes a screenshot of the current page and embeds it into the log.</doc>
<status status="FAIL" start="2026-02-01T16:12:31.692613" elapsed="0.002733">No application is open</status>
</kw>
<msg time="2026-02-01T16:12:31.697613" level="WARN">Keyword 'Capture Page Screenshot' could not be run on failure: No application is open</msg>
<msg time="2026-02-01T16:12:31.698046" level="FAIL">WebDriverException: Message: Neither ANDROID_HOME nor ANDROID_SDK_ROOT environment variable was exported. Read https://developer.android.com/studio/command-line/variables for more details
Stacktrace:
UnknownError: Neither ANDROID_HOME nor ANDROID_SDK_ROOT environment variable was exported. Read https://developer.android.com/studio/command-line/variables for more details
    at getResponseForW3CError (/usr/lib/node_modules/appium/node_modules/@appium/base-driver/lib/protocol/errors.ts:1103:34)
    at asyncHandler (/usr/lib/node_modules/appium/node_modules/@appium/base-driver/lib/protocol/protocol.ts:507:57)
The above error is caused by
Error: Neither ANDROID_HOME nor ANDROID_SDK_ROOT environment variable was exported. Read https://developer.android.com/studio/command-line/variables for more details
    at requireSdkRoot (/root/.appium/node_modules/appium-uiautomator2-driver/node_modules/appium-adb/lib/helpers.ts:53:11)
    at Function.createADB (/root/.appium/node_modules/appium-uiautomator2-driver/node_modules/appium-adb/lib/adb.ts:137:39)
    at AndroidUiautomator2Driver.createBaseADB (/root/.appium/node_modules/appium-uiautomator2-driver/node_modules/appium-android-driver/lib/commands/device/utils.ts:151:20)
    at AndroidUiautomator2Driver.getDeviceInfoFromCaps (/root/.appium/node_modules/appium-uiautomator2-driver/node_modules/appium-android-driver/lib/commands/device/common.ts:33:45)
    at AndroidUiautomator2Driver.createSession (/root/.appium/node_modules/appium-uiautomator2-driver/lib/driver.ts:367:41)
    at AppiumDriver.createSession (/usr/lib/node_modules/appium/lib/appium.js:360:35)</msg>
<arg>${APPIUM_SERVER}</arg>
<arg>platformName=${platformName}</arg>
<arg>appium:deviceName=${deviceName}</arg>
<arg>appium:automationName=${automationName}</arg>
<arg>appium:appPackage=${appPackage}</arg>
<arg>appium:appActivity=${appActivity}</arg>
<arg>appium:avd=${avd}</arg>
<arg>appium:app=${app}</arg>
<arg>appium:newCommandTimeout=${newCommandTimeout}</arg>
<arg>appium:adbExecTimeout=${adbExecTimeout}</arg>
<arg>appium:autoGrantPermissions=${autoGrantPermissions}</arg>
<arg>appium:noReset=${noReset}</arg>
<doc>Opens a new application to the given Appium server.
Capabilities of appium server, Android and iOS,
Please check https://appium.io/docs/en/2.19/guides/caps/
| *Option*            | *Man.* | *Description*     |
| remote_url          | Yes    | Appium server url |
| alias               | No     | alias             |</doc>
<status status="FAIL" start="2026-02-01T16:12:31.597989" elapsed="0.100280">WebDriverException: Message: Neither ANDROID_HOME nor ANDROID_SDK_ROOT environment variable was exported. Read https://developer.android.com/studio/command-line/variables for more details
Stacktrace:
UnknownError: Neither ANDROID_HOME nor ANDROID_SDK_ROOT environment variable was exported. Read https://developer.android.com/studio/command-line/variables for more details
    at getResponseForW3CError (/usr/lib/node_modules/appium/node_modules/@appium/base-driver/lib/protocol/errors.ts:1103:34)
    at asyncHandler (/usr/lib/node_modules/appium/node_modules/@appium/base-driver/lib/protocol/protocol.ts:507:57)
The above error is caused by
Error: Neither ANDROID_HOME nor ANDROID_SDK_ROOT environment variable was exported. Read https://developer.android.com/studio/command-line/variables for more details
    at requireSdkRoot (/root/.appium/node_modules/appium-uiautomator2-driver/node_modules/appium-adb/lib/helpers.ts:53:11)
    at Function.createADB (/root/.appium/node_modules/appium-uiautomator2-driver/node_modules/appium-adb/lib/adb.ts:137:39)
    at AndroidUiautomator2Driver.createBaseADB (/root/.appium/node_modules/appium-uiautomator2-driver/node_modules/appium-android-driver/lib/commands/device/utils.ts:151:20)
    at AndroidUiautomator2Driver.getDeviceInfoFromCaps (/root/.appium/node_modules/appium-uiautomator2-driver/node_modules/appium-android-driver/lib/commands/device/common.ts:33:45)
    at AndroidUiautomator2Driver.createSession (/root/.appium/node_modules/appium-uiautomator2-driver/lib/driver.ts:367:41)
    at AppiumDriver.createSession (/usr/lib/node_modules/appium/lib/appium.js:360:35)</status>
</kw>
<status status="FAIL" start="2026-02-01T16:12:31.597278" elapsed="0.101278">WebDriverException: Message: Neither ANDROID_HOME nor ANDROID_SDK_ROOT environment variable was exported. Read https://developer.android.com/studio/command-line/variables for more details
Stacktrace:
UnknownError: Neither ANDROID_HOME nor ANDROID_SDK_ROOT environment variable was exported. Read https://developer.android.com/studio/command-line/variables for more details
    at getResponseForW3CError (/usr/lib/node_modules/appium/node_modules/@appium/base-driver/lib/protocol/errors.ts:1103:34)
    at asyncHandler (/usr/lib/node_modules/appium/node_modules/@appium/base-driver/lib/protocol/protocol.ts:507:57)
The above error is caused by
Error: Neither ANDROID_HOME nor ANDROID_SDK_ROOT environment variable was exported. Read https://developer.android.com/studio/command-line/variables for more details
    at requireSdkRoot (/root/.appium/node_modules/appium-uiautomator2-driver/node_modules/appium-adb/lib/helpers.ts:53:11)
    at Function.createADB (/root/.appium/node_modules/appium-uiautomator2-driver/node_modules/appium-adb/lib/adb.ts:137:39)
    at AndroidUiautomator2Driver.createBaseADB (/root/.appium/node_modules/appium-uiautomator2-driver/node_modules/appium-android-driver/lib/commands/device/utils.ts:151:20)
    at AndroidUiautomator2Driver.getDeviceInfoFromCaps (/root/.appium/node_modules/appium-uiautomator2-driver/node_modules/appium-android-driver/lib/commands/device/common.ts:33:45)
    at AndroidUiautomator2Driver.createSession (/root/.appium/node_modules/appium-uiautomator2-driver/lib/driver.ts:367:41)
    at AppiumDriver.createSession (/usr/lib/node_modules/appium/lib/appium.js:360:35)</status>
</kw>
<status status="FAIL" start="2026-02-01T16:12:31.597122" elapsed="0.101546">WebDriverException: Message: Neither ANDROID_HOME nor ANDROID_SDK_ROOT environment variable was exported. Read https://developer.android.com/studio/command-line/variables for more details
Stacktrace:
UnknownError: Neither ANDROID_HOME nor ANDROID_SDK_ROOT environment variable was exported. Read https://developer.android.com/studio/command-line/variables for more details
    at getResponseForW3CError (/usr/lib/node_modules/appium/node_modules/@appium/base-driver/lib/protocol/errors.ts:1103:34)
    at asyncHandler (/usr/lib/node_modules/appium/node_modules/@appium/base-driver/lib/protocol/protocol.ts:507:57)
The above error is caused by
Error: Neither ANDROID_HOME nor ANDROID_SDK_ROOT environment variable was exported. Read https://developer.android.com/studio/command-line/variables for more details
    at requireSdkRoot (/root/.appium/node_modules/appium-uiautomator2-driver/node_modules/appium-adb/lib/helpers.ts:53:11)
    at Function.createADB (/root/.appium/node_modules/appium-uiautomator2-driver/node_modules/appium-adb/lib/adb.ts:137:39)
    at AndroidUiautomator2Driver.createBaseADB (/root/.appium/node_modules/appium-uiautomator2-driver/node_modules/appium-android-driver/lib/commands/device/utils.ts:151:20)
    at AndroidUiautomator2Driver.getDeviceInfoFromCaps (/root/.appium/node_modules/appium-uiautomator2-driver/node_modules/appium-android-driver/lib/commands/device/common.ts:33:45)
    at AndroidUiautomator2Driver.createSession (/root/.appium/node_modules/appium-uiautomator2-driver/lib/driver.ts:367:41)
    at AppiumDriver.createSession (/usr/lib/node_modules/appium/lib/appium.js:360:35)</status>
</branch>
<status status="FAIL" start="2026-02-01T16:12:31.596622" elapsed="0.102161">WebDriverException: Message: Neither ANDROID_HOME nor ANDROID_SDK_ROOT environment variable was exported. Read https://developer.android.com/studio/command-line/variables for more details
Stacktrace:
UnknownError: Neither ANDROID_HOME nor ANDROID_SDK_ROOT environment variable was exported. Read https://developer.android.com/studio/command-line/variables for more details
    at getResponseForW3CError (/usr/lib/node_modules/appium/node_modules/@appium/base-driver/lib/protocol/errors.ts:1103:34)
    at asyncHandler (/usr/lib/node_modules/appium/node_modules/@appium/base-driver/lib/protocol/protocol.ts:507:57)
The above error is caused by
Error: Neither ANDROID_HOME nor ANDROID_SDK_ROOT environment variable was exported. Read https://developer.android.com/studio/command-line/variables for more details
    at requireSdkRoot (/root/.appium/node_modules/appium-uiautomator2-driver/node_modules/appium-adb/lib/helpers.ts:53:11)
    at Function.createADB (/root/.appium/node_modules/appium-uiautomator2-driver/node_modules/appium-adb/lib/adb.ts:137:39)
    at AndroidUiautomator2Driver.createBaseADB (/root/.appium/node_modules/appium-uiautomator2-driver/node_modules/appium-android-driver/lib/commands/device/utils.ts:151:20)
    at AndroidUiautomator2Driver.getDeviceInfoFromCaps (/root/.appium/node_modules/appium-uiautomator2-driver/node_modules/appium-android-driver/lib/commands/device/common.ts:33:45)
    at AndroidUiautomator2Driver.createSession (/root/.appium/node_modules/appium-uiautomator2-driver/lib/driver.ts:367:41)
    at AppiumDriver.createSession (/usr/lib/node_modules/appium/lib/appium.js:360:35)</status>
</if>
<status status="FAIL" start="2026-02-01T16:12:31.596344" elapsed="0.102610">WebDriverException: Message: Neither ANDROID_HOME nor ANDROID_SDK_ROOT environment variable was exported. Read https://developer.android.com/studio/command-line/variables for more details
Stacktrace:
UnknownError: Neither ANDROID_HOME nor ANDROID_SDK_ROOT environment variable was exported. Read https://developer.android.com/studio/command-line/variables for more details
    at getResponseForW3CError (/usr/lib/node_modules/appium/node_modules/@appium/base-driver/lib/protocol/errors.ts:1103:34)
    at asyncHandler (/usr/lib/node_modules/appium/node_modules/@appium/base-driver/lib/protocol/protocol.ts:507:57)
The above error is caused by
Error: Neither ANDROID_HOME nor ANDROID_SDK_ROOT environment variable was exported. Read https://developer.android.com/studio/command-line/variables for more details
    at requireSdkRoot (/root/.appium/node_modules/appium-uiautomator2-driver/node_modules/appium-adb/lib/helpers.ts:53:11)
    at Function.createADB (/root/.appium/node_modules/appium-uiautomator2-driver/node_modules/appium-adb/lib/adb.ts:137:39)
    at AndroidUiautomator2Driver.createBaseADB (/root/.appium/node_modules/appium-uiautomator2-driver/node_modules/appium-android-driver/lib/commands/device/utils.ts:151:20)
    at AndroidUiautomator2Driver.getDeviceInfoFromCaps (/root/.appium/node_modules/appium-uiautomator2-driver/node_modules/appium-android-driver/lib/commands/device/common.ts:33:45)
    at AndroidUiautomator2Driver.createSession (/root/.appium/node_modules/appium-uiautomator2-driver/lib/driver.ts:367:41)
    at AppiumDriver.createSession (/usr/lib/node_modules/appium/lib/appium.js:360:35)</status>
</kw>
<test id="s1-s1-t1" name="Login exitoso con credenciales validas" line="14">
<doc>Verifica que un usuario puede iniciar y cerrar sesión con credenciales válidas</doc>
<tag>pruebas mobile</tag>
<status status="FAIL" start="2026-02-01T16:12:31.699099" elapsed="0.000939">Parent suite setup failed:
WebDriverException: Message: Neither ANDROID_HOME nor ANDROID_SDK_ROOT environment variable was exported. Read https://developer.android.com/studio/command-line/variables for more details
Stacktrace:
UnknownError: Neither ANDROID_HOME nor ANDROID_SDK_ROOT environment variable was exported. Read https://developer.android.com/studio/command-line/variables for more details
    at getResponseForW3CError (/usr/lib/node_modules/appium/node_modules/@appium/base-driver/lib/protocol/errors.ts:1103:34)
    at asyncHandler (/usr/lib/node_modules/appium/node_modules/@appium/base-driver/lib/protocol/protocol.ts:507:57)
The above error is caused by
Error: Neither ANDROID_HOME nor ANDROID_SDK_ROOT environment variable was exported. Read https://developer.android.com/studio/command-line/variables for more details
    at requireSdkRoot (/root/.appium/node_modules/appium-uiautomator2-driver/node_modules/appium-adb/lib/helpers.ts:53:11)
    at Function.createADB (/root/.appium/node_modules/appium-uiautomator2-driver/node_modules/appium-adb/lib/adb.ts:137:39)
    at AndroidUiautomator2Driver.createBaseADB (/root/.appium/node_modules/appium-uiautomator2-driver/node_modules/appium-android-driver/lib/commands/device/utils.ts:151:20)
    at AndroidUiautomator2Driver.getDeviceInfoFromCaps (/root/.appium/node_modules/appium-uiautomator2-driver/node_modules/appium-android-driver/lib/commands/device/common.ts:33:45)
    at AndroidUiautomator2Driver.createSession (/root/.appium/node_modules/appium-uiautomator2-driver/lib/driver.ts:367:41)
    at AppiumDriver.createSession (/usr/lib/node_modules/appium/lib/appium.js:360:35)</status>
</test>
<kw name="Cerrar Aplicacion" owner="common" type="TEARDOWN">
<kw name="Wait Until Element Is Visible" owner="AppiumLibrary">
<kw name="Capture Page Screenshot" owner="AppiumLibrary">
<msg time="2026-02-01T16:12:31.703144" level="FAIL">No application is open</msg>
<doc>Takes a screenshot of the current page and embeds it into the log.</doc>
<status status="FAIL" start="2026-02-01T16:12:31.702933" elapsed="0.000804">No application is open</status>
</kw>
<msg time="2026-02-01T16:12:31.705848" level="WARN">Keyword 'Capture Page Screenshot' could not be run on failure: No application is open</msg>
<msg time="2026-02-01T16:12:31.706060" level="FAIL">No application is open</msg>
<arg>${TituloAPP}</arg>
<arg>25s</arg>
<doc>Waits until the element specified by the ``locator`` is visible.</doc>
<status status="FAIL" start="2026-02-01T16:12:31.702298" elapsed="0.003959">No application is open</status>
</kw>
<kw name="Close Application" owner="AppiumLibrary">
<kw name="Capture Page Screenshot" owner="AppiumLibrary">
<msg time="2026-02-01T16:12:31.706942" level="FAIL">No application is open</msg>
<doc>Takes a screenshot of the current page and embeds it into the log.</doc>
<status status="FAIL" start="2026-02-01T16:12:31.706686" elapsed="0.000478">No application is open</status>
</kw>
<msg time="2026-02-01T16:12:31.709655" level="WARN">Keyword 'Capture Page Screenshot' could not be run on failure: No application is open</msg>
<msg time="2026-02-01T16:12:31.710086" level="FAIL">No application is open</msg>
<doc>Closes the current application and the webdriver session.</doc>
<status status="FAIL" start="2026-02-01T16:12:31.706425" elapsed="0.003825">No application is open</status>
</kw>
<status status="FAIL" start="2026-02-01T16:12:31.702020" elapsed="0.008393">Several failures occurred:

1) No application is open

2) No application is open</status>
</kw>
<status status="FAIL" start="2026-02-01T16:12:31.418854" elapsed="0.291633">Suite setup failed:
WebDriverException: Message: Neither ANDROID_HOME nor ANDROID_SDK_ROOT environment variable was exported. Read https://developer.android.com/studio/command-line/variables for more details
Stacktrace:
UnknownError: Neither ANDROID_HOME nor ANDROID_SDK_ROOT environment variable was exported. Read https://developer.android.com/studio/command-line/variables for more details
    at getResponseForW3CError (/usr/lib/node_modules/appium/node_modules/@appium/base-driver/lib/protocol/errors.ts:1103:34)
    at asyncHandler (/usr/lib/node_modules/appium/node_modules/@appium/base-driver/lib/protocol/protocol.ts:507:57)
The above error is caused by
Error: Neither ANDROID_HOME nor ANDROID_SDK_ROOT environment variable was exported. Read https://developer.android.com/studio/command-line/variables for more details
    at requireSdkRoot (/root/.appium/node_modules/appium-uiautomator2-driver/node_modules/appium-adb/lib/helpers.ts:53:11)
    at Function.createADB (/root/.appium/node_modules/appium-uiautomator2-driver/node_modules/appium-adb/lib/adb.ts:137:39)
    at AndroidUiautomator2Driver.createBaseADB (/root/.appium/node_modules/appium-uiautomator2-driver/node_modules/appium-android-driver/lib/commands/device/utils.ts:151:20)
    at AndroidUiautomator2Driver.getDeviceInfoFromCaps (/root/.appium/node_modules/appium-uiautomator2-driver/node_modules/appium-android-driver/lib/commands/device/common.ts:33:45)
    at AndroidUiautomator2Driver.createSession (/root/.appium/node_modules/appium-uiautomator2-driver/lib/driver.ts:367:41)
    at AppiumDriver.createSession (/usr/lib/node_modules/appium/lib/appium.js:360:35)

Also suite teardown failed:
Several failures occurred:

1) No application is open

2) No application is open</status>
</suite>
<status status="FAIL" start="2026-02-01T16:12:31.380889" elapsed="0.330839"/>
</suite>
<statistics>
<total>
<stat pass="0" fail="1" skip="0">All Tests</stat>
</total>
<tag>
<stat pass="0" fail="1" skip="0">pruebas mobile</stat>
</tag>
<suite>
<stat name="Tests" id="s1" pass="0" fail="1" skip="0">Tests</stat>
<stat name="Login" id="s1-s1" pass="0" fail="1" skip="0">Tests.Login</stat>
</suite>
</statistics>
<errors>
<msg time="2026-02-01T16:12:31.697613" level="WARN">Keyword 'Capture Page Screenshot' could not be run on failure: No application is open</msg>
<msg time="2026-02-01T16:12:31.705848" level="WARN">Keyword 'Capture Page Screenshot' could not be run on failure: No application is open</msg>
<msg time="2026-02-01T16:12:31.709655" level="WARN">Keyword 'Capture Page Screenshot' could not be run on failure: No application is open</msg>
</errors>
</robot>
