<?xml version="1.0" encoding="UTF-8"?>
<robot generator="Robot 7.4.1 (Python 3.10.12 on linux)" generated="2026-02-02T03:05:06.398109" rpa="false" schemaversion="5">
<suite id="s1" name="Tests" source="/app/tests">
<suite id="s1-s1" name="Login" source="/app/tests/login.robot">
<kw name="Abrir Aplicacion" owner="common" type="SETUP">
<if>
<branch type="IF" condition="'${ENV}' == 'ci'">
<kw name="Abrir Aplicacion CI" owner="common">
<status status="NOT RUN" start="2026-02-02T03:05:06.645630" elapsed="0.000030"/>
</kw>
<status status="NOT RUN" start="2026-02-02T03:05:06.645349" elapsed="0.000363"/>
</branch>
<branch type="ELSE">
<kw name="Abrir Aplicacion Local" owner="common">
<kw name="Open Application" owner="AppiumLibrary">
<arg>${APPIUM_SERVER}</arg>
<arg>platformName=${platformName}</arg>
<arg>appium:deviceName=${deviceName}</arg>
<arg>appium:automationName=${automationName}</arg>
<arg>appium:appPackage=${appPackage}</arg>
<arg>appium:appActivity=${appActivity}</arg>
<arg>appium:avd=${avd}</arg>
<arg>appium:app=${app}</arg>
<arg>appium:newCommandTimeout=${newCommandTimeout}</arg>
<arg>appium:adbExecTimeout=${adbExecTimeout}</arg>
<arg>appium:autoGrantPermissions=${autoGrantPermissions}</arg>
<arg>appium:noReset=${noReset}</arg>
<doc>Opens a new application to the given Appium server.
Capabilities of appium server, Android and iOS,
Please check https://appium.io/docs/en/2.19/guides/caps/
| *Option*            | *Man.* | *Description*     |
| remote_url          | Yes    | Appium server url |
| alias               | No     | alias             |</doc>
<status status="PASS" start="2026-02-02T03:05:06.646588" elapsed="18.620076"/>
</kw>
<status status="PASS" start="2026-02-02T03:05:06.645894" elapsed="18.620962"/>
</kw>
<status status="PASS" start="2026-02-02T03:05:06.645751" elapsed="18.621140"/>
</branch>
<status status="PASS" start="2026-02-02T03:05:06.645314" elapsed="18.621636"/>
</if>
<status status="PASS" start="2026-02-02T03:05:06.645082" elapsed="18.621939"/>
</kw>
<test id="s1-s1-t1" name="Login exitoso con credenciales validas" line="14">
<kw name="Ingresar credenciales validas" owner="common">
<kw name="Wait Until Element Is Visible" owner="AppiumLibrary">
<msg time="2026-02-02T03:05:26.387286" level="INFO">xpath criteria: //*[@content-desc="login_title"]</msg>
<arg>${TituloAPP}</arg>
<arg>25s</arg>
<doc>Waits until the element specified by the ``locator`` is visible.</doc>
<status status="PASS" start="2026-02-02T03:05:25.268749" elapsed="1.118697"/>
</kw>
<kw name="Wait Until Element Is Visible" owner="AppiumLibrary">
<msg time="2026-02-02T03:05:26.572663" level="INFO">xpath criteria: //android.widget.EditText[.//*[@content-desc="email_input"]]</msg>
<arg>${Email}</arg>
<arg>25s</arg>
<doc>Waits until the element specified by the ``locator`` is visible.</doc>
<status status="PASS" start="2026-02-02T03:05:26.387719" elapsed="0.185082"/>
</kw>
<kw name="Wait Until Element Is Visible" owner="AppiumLibrary">
<msg time="2026-02-02T03:05:26.756644" level="INFO">xpath criteria: //android.widget.EditText[.//*[@content-desc="password_input"]]</msg>
<arg>${Password}</arg>
<arg>25s</arg>
<doc>Waits until the element specified by the ``locator`` is visible.</doc>
<status status="PASS" start="2026-02-02T03:05:26.573082" elapsed="0.183703"/>
</kw>
<kw name="Input Text" owner="AppiumLibrary">
<msg time="2026-02-02T03:05:26.759192" level="INFO">Typing text 'admin@test.com' into text field 'xpath=//android.widget.EditText[.//*[@content-desc="email_input"]]'</msg>
<msg time="2026-02-02T03:05:26.945762" level="INFO">xpath criteria: //android.widget.EditText[.//*[@content-desc="email_input"]]</msg>
<arg>${Email}</arg>
<arg>${USERNAME}</arg>
<doc>Types the given ``text`` into the text field identified by ``locator``.</doc>
<status status="PASS" start="2026-02-02T03:05:26.757072" elapsed="0.188832"/>
</kw>
<kw name="Input Password" owner="AppiumLibrary">
<msg time="2026-02-02T03:05:26.948491" level="INFO">Typing password into text field 'xpath=//android.widget.EditText[.//*[@content-desc="password_input"]]'</msg>
<msg time="2026-02-02T03:05:27.494866" level="INFO">xpath criteria: //android.widget.EditText[.//*[@content-desc="password_input"]]</msg>
<arg>${Password}</arg>
<arg>${CONTRASENA}</arg>
<doc>Types the given password into the text field identified by ``locator``.</doc>
<status status="PASS" start="2026-02-02T03:05:26.946199" elapsed="0.548853"/>
</kw>
<kw name="Capture Page Screenshot" owner="AppiumLibrary">
<msg time="2026-02-02T03:05:28.195418" level="INFO" html="true">&lt;/td&gt;&lt;/tr&gt;&lt;tr&gt;&lt;td colspan="3"&gt;&lt;a href="pantalla_login.png"&gt;&lt;img src="pantalla_login.png" width="800px"&gt;&lt;/a&gt;</msg>
<arg>pantalla_login.png</arg>
<doc>Takes a screenshot of the current page and embeds it into the log.</doc>
<status status="PASS" start="2026-02-02T03:05:27.495281" elapsed="0.700303"/>
</kw>
<status status="PASS" start="2026-02-02T03:05:25.268332" elapsed="2.927374"/>
</kw>
<kw name="Hacer Login" owner="common">
<kw name="Wait Until Element Is Visible" owner="AppiumLibrary">
<msg time="2026-02-02T03:05:28.353727" level="INFO">xpath criteria: //*[@content-desc="login_button"]</msg>
<arg>${IniciarSesion}</arg>
<arg>25s</arg>
<doc>Waits until the element specified by the ``locator`` is visible.</doc>
<status status="PASS" start="2026-02-02T03:05:28.196491" elapsed="0.157362"/>
</kw>
<kw name="Capture Page Screenshot" owner="AppiumLibrary">
<msg time="2026-02-02T03:05:28.596596" level="INFO" html="true">&lt;/td&gt;&lt;/tr&gt;&lt;tr&gt;&lt;td colspan="3"&gt;&lt;a href="captura_login.png"&gt;&lt;img src="captura_login.png" width="800px"&gt;&lt;/a&gt;</msg>
<arg>captura_login.png</arg>
<doc>Takes a screenshot of the current page and embeds it into the log.</doc>
<status status="PASS" start="2026-02-02T03:05:28.354124" elapsed="0.242721"/>
</kw>
<kw name="Click Element" owner="AppiumLibrary">
<msg time="2026-02-02T03:05:28.599665" level="INFO">Clicking element 'xpath=//*[@content-desc="login_button"]'.</msg>
<msg time="2026-02-02T03:05:28.900060" level="INFO">xpath criteria: //*[@content-desc="login_button"]</msg>
<arg>${IniciarSesion}</arg>
<doc>Clicks the element identified by ``locator``.</doc>
<status status="PASS" start="2026-02-02T03:05:28.597149" elapsed="0.303060"/>
</kw>
<status status="PASS" start="2026-02-02T03:05:28.196064" elapsed="0.704292"/>
</kw>
<kw name="Hacer Logout" owner="common">
<kw name="Wait Until Element Is Visible" owner="AppiumLibrary">
<msg time="2026-02-02T03:05:30.069688" level="INFO">xpath criteria: //*[@content-desc="logout_button_main"]</msg>
<arg>${LOGOUT}</arg>
<arg>25s</arg>
<doc>Waits until the element specified by the ``locator`` is visible.</doc>
<status status="PASS" start="2026-02-02T03:05:28.901190" elapsed="1.168641"/>
</kw>
<kw name="Click Element" owner="AppiumLibrary">
<msg time="2026-02-02T03:05:30.071838" level="INFO">Clicking element 'xpath=//*[@content-desc="logout_button_main"]'.</msg>
<msg time="2026-02-02T03:05:30.460567" level="INFO">xpath criteria: //*[@content-desc="logout_button_main"]</msg>
<arg>${LOGOUT}</arg>
<doc>Clicks the element identified by ``locator``.</doc>
<status status="PASS" start="2026-02-02T03:05:30.070156" elapsed="0.390531"/>
</kw>
<status status="PASS" start="2026-02-02T03:05:28.900694" elapsed="1.560109"/>
</kw>
<doc>Verifica que un usuario puede iniciar y cerrar sesión con credenciales válidas</doc>
<tag>pruebas mobile</tag>
<status status="PASS" start="2026-02-02T03:05:25.267119" elapsed="5.196992"/>
</test>
<kw name="Cerrar Aplicacion" owner="common" type="TEARDOWN">
<kw name="Wait Until Element Is Visible" owner="AppiumLibrary">
<msg time="2026-02-02T03:05:31.142143" level="INFO">xpath criteria: //*[@content-desc="login_title"]</msg>
<arg>${TituloAPP}</arg>
<arg>25s</arg>
<doc>Waits until the element specified by the ``locator`` is visible.</doc>
<status status="PASS" start="2026-02-02T03:05:30.465202" elapsed="0.677086"/>
</kw>
<kw name="Close Application" owner="AppiumLibrary">
<doc>Closes the current application and the webdriver session.</doc>
<status status="PASS" start="2026-02-02T03:05:31.142550" elapsed="1.448811"/>
</kw>
<status status="PASS" start="2026-02-02T03:05:30.464901" elapsed="2.126635"/>
</kw>
<status status="PASS" start="2026-02-02T03:05:06.444662" elapsed="26.147006"/>
</suite>
<status status="PASS" start="2026-02-02T03:05:06.401698" elapsed="26.191586"/>
</suite>
<statistics>
<total>
<stat pass="1" fail="0" skip="0">All Tests</stat>
</total>
<tag>
<stat pass="1" fail="0" skip="0">pruebas mobile</stat>
</tag>
<suite>
<stat name="Tests" id="s1" pass="1" fail="0" skip="0">Tests</stat>
<stat name="Login" id="s1-s1" pass="1" fail="0" skip="0">Tests.Login</stat>
</suite>
</statistics>
<errors>
</errors>
</robot>
