<?xml version="1.0" encoding="UTF-8"?>
<robot generator="Robot 7.4.1 (Python 3.13.5 on win32)" generated="2026-01-31T13:21:44.827520" rpa="false" schemaversion="5">
<suite id="s1" name="Tests" source="C:\Users\dmelc\OneDrive\Documents\Workspace DM\Proyectos de IA\loginApp-tests\tests">
<suite id="s1-s1" name="Login" source="C:\Users\dmelc\OneDrive\Documents\Workspace DM\Proyectos de IA\loginApp-tests\tests\login.robot">
<kw name="Abrir Aplicacion" owner="common" type="SETUP">
<kw name="Open Application" owner="AppiumLibrary">
<arg>${REMOTE_URL}</arg>
<arg>platformName=${platformName}</arg>
<arg>deviceName=${deviceName}</arg>
<arg>automationName=${automationName}</arg>
<arg>appPackage=${appPackage}</arg>
<arg>appActivity=${appActivity}</arg>
<arg>avd=${avd}</arg>
<arg>app=${app}</arg>
<arg>newCommandTimeout=${newCommandTimeout}</arg>
<arg>adbExecTimeout=${adbExecTimeout}</arg>
<arg>autoGrantPermissions=${autoGrantPermissions}</arg>
<arg>noReset=${noReset}</arg>
<doc>Opens a new application to the given Appium server.
Capabilities of appium server, Android and iOS,
Please check https://appium.io/docs/en/2.19/guides/caps/
| *Option*            | *Man.* | *Description*     |
| remote_url          | Yes    | Appium server url |
| alias               | No     | alias             |</doc>
<status status="PASS" start="2026-01-31T13:21:46.361586" elapsed="9.235311"/>
</kw>
<status status="PASS" start="2026-01-31T13:21:46.359567" elapsed="9.237891"/>
</kw>
<test id="s1-s1-t1" name="Login exitoso con credenciales validas" line="14">
<kw name="Ingresar credenciales validas" owner="common">
<kw name="Input Text" owner="AppiumLibrary">
<msg time="2026-01-31T13:21:55.602069" level="INFO">Typing text 'admin@test.com' into text field 'xpath=//android.widget.EditText[.//*[@content-desc="email_input"]]'</msg>
<msg time="2026-01-31T13:22:00.535486" level="INFO">xpath criteria: //android.widget.EditText[.//*[@content-desc="email_input"]]</msg>
<arg>${Email}</arg>
<arg>${USERNAME}</arg>
<doc>Types the given ``text`` into the text field identified by ``locator``.</doc>
<status status="PASS" start="2026-01-31T13:21:55.599826" elapsed="4.935869"/>
</kw>
<kw name="Input Password" owner="AppiumLibrary">
<msg time="2026-01-31T13:22:00.538173" level="INFO">Typing password into text field 'xpath=//android.widget.EditText[.//*[@content-desc="password_input"]]'</msg>
<msg time="2026-01-31T13:22:05.004070" level="INFO">xpath criteria: //android.widget.EditText[.//*[@content-desc="password_input"]]</msg>
<arg>${Password}</arg>
<arg>${CONTRASENA}</arg>
<doc>Types the given password into the text field identified by ``locator``.</doc>
<status status="PASS" start="2026-01-31T13:22:00.536033" elapsed="4.468204"/>
</kw>
<kw name="Capture Page Screenshot" owner="AppiumLibrary">
<msg time="2026-01-31T13:22:07.798428" level="INFO" html="true">&lt;/td&gt;&lt;/tr&gt;&lt;tr&gt;&lt;td colspan="3"&gt;&lt;a href="pantalla_login.png"&gt;&lt;img src="pantalla_login.png" width="800px"&gt;&lt;/a&gt;</msg>
<arg>pantalla_login.png</arg>
<doc>Takes a screenshot of the current page and embeds it into the log.</doc>
<status status="PASS" start="2026-01-31T13:22:05.004521" elapsed="2.794146"/>
</kw>
<status status="PASS" start="2026-01-31T13:21:55.599310" elapsed="12.199582"/>
</kw>
<kw name="Hacer Login" owner="common">
<kw name="Capture Page Screenshot" owner="AppiumLibrary">
<msg time="2026-01-31T13:22:10.622701" level="INFO" html="true">&lt;/td&gt;&lt;/tr&gt;&lt;tr&gt;&lt;td colspan="3"&gt;&lt;a href="captura_login.png"&gt;&lt;img src="captura_login.png" width="800px"&gt;&lt;/a&gt;</msg>
<arg>captura_login.png</arg>
<doc>Takes a screenshot of the current page and embeds it into the log.</doc>
<status status="PASS" start="2026-01-31T13:22:07.800650" elapsed="2.822277"/>
</kw>
<kw name="Click Element" owner="AppiumLibrary">
<msg time="2026-01-31T13:22:10.625878" level="INFO">Clicking element 'xpath=//*[@content-desc="login_button"]'.</msg>
<msg time="2026-01-31T13:22:15.166361" level="INFO">xpath criteria: //*[@content-desc="login_button"]</msg>
<arg>${IniciarSesion}</arg>
<doc>Clicks the element identified by ``locator``.</doc>
<status status="PASS" start="2026-01-31T13:22:10.623163" elapsed="4.543330"/>
</kw>
<status status="PASS" start="2026-01-31T13:22:07.799828" elapsed="7.366794"/>
</kw>
<kw name="Hacer Logout" owner="common">
<kw name="Click Element" owner="AppiumLibrary">
<msg time="2026-01-31T13:22:15.169800" level="INFO">Clicking element 'xpath=//*[@content-desc="logout_button_main"]'.</msg>
<msg time="2026-01-31T13:22:19.563109" level="INFO">xpath criteria: //*[@content-desc="logout_button_main"]</msg>
<arg>${LOGOUT}</arg>
<doc>Clicks the element identified by ``locator``.</doc>
<status status="PASS" start="2026-01-31T13:22:15.168006" elapsed="4.395219"/>
</kw>
<status status="PASS" start="2026-01-31T13:22:15.167292" elapsed="4.396076"/>
</kw>
<doc>Verifica que un usuario puede iniciar y cerrar sesión con credenciales válidas</doc>
<tag>pruebas mobile</tag>
<status status="PASS" start="2026-01-31T13:21:55.598139" elapsed="23.965786"/>
</test>
<kw name="Cerrar Aplicacion" owner="common" type="TEARDOWN">
<kw name="Close Application" owner="AppiumLibrary">
<doc>Closes the current application and the webdriver session.</doc>
<status status="PASS" start="2026-01-31T13:22:19.565911" elapsed="3.223637"/>
</kw>
<status status="PASS" start="2026-01-31T13:22:19.565664" elapsed="3.224123"/>
</kw>
<status status="PASS" start="2026-01-31T13:21:44.916105" elapsed="37.873769"/>
</suite>
<status status="PASS" start="2026-01-31T13:21:44.857456" elapsed="37.935100"/>
</suite>
<statistics>
<total>
<stat pass="1" fail="0" skip="0">All Tests</stat>
</total>
<tag>
<stat pass="1" fail="0" skip="0">pruebas mobile</stat>
</tag>
<suite>
<stat name="Tests" id="s1" pass="1" fail="0" skip="0">Tests</stat>
<stat name="Login" id="s1-s1" pass="1" fail="0" skip="0">Tests.Login</stat>
</suite>
</statistics>
<errors>
</errors>
</robot>
