<?xml version="1.0" encoding="UTF-8"?>
<robot generator="Robot 7.4.1 (Python 3.10.12 on linux)" generated="2026-02-01T17:53:11.076116" rpa="false" schemaversion="5">
<suite id="s1" name="Tests" source="/app/tests">
<suite id="s1-s1" name="Login" source="/app/tests/login.robot">
<kw name="Abrir Aplicacion" owner="common" type="SETUP">
<if>
<branch type="IF" condition="'${ENV}' == 'ci'">
<kw name="Abrir Aplicacion CI" owner="common">
<status status="NOT RUN" start="2026-02-01T17:53:11.355073" elapsed="0.000031"/>
</kw>
<status status="NOT RUN" start="2026-02-01T17:53:11.354766" elapsed="0.000390"/>
</branch>
<branch type="ELSE">
<kw name="Abrir Aplicacion Local" owner="common">
<kw name="Open Application" owner="AppiumLibrary">
<arg>${APPIUM_SERVER}</arg>
<arg>platformName=${platformName}</arg>
<arg>appium:deviceName=${deviceName}</arg>
<arg>appium:automationName=${automationName}</arg>
<arg>appium:appPackage=${appPackage}</arg>
<arg>appium:appActivity=${appActivity}</arg>
<arg>appium:avd=${avd}</arg>
<arg>appium:app=${app}</arg>
<arg>appium:newCommandTimeout=${newCommandTimeout}</arg>
<arg>appium:adbExecTimeout=${adbExecTimeout}</arg>
<arg>appium:autoGrantPermissions=${autoGrantPermissions}</arg>
<arg>appium:noReset=${noReset}</arg>
<doc>Opens a new application to the given Appium server.
Capabilities of appium server, Android and iOS,
Please check https://appium.io/docs/en/2.19/guides/caps/
| *Option*            | *Man.* | *Description*     |
| remote_url          | Yes    | Appium server url |
| alias               | No     | alias             |</doc>
<status status="PASS" start="2026-02-01T17:53:11.356008" elapsed="20.894068"/>
</kw>
<status status="PASS" start="2026-02-01T17:53:11.355340" elapsed="20.894997"/>
</kw>
<status status="PASS" start="2026-02-01T17:53:11.355194" elapsed="20.895196"/>
</branch>
<status status="PASS" start="2026-02-01T17:53:11.354732" elapsed="20.895707"/>
</if>
<status status="PASS" start="2026-02-01T17:53:11.354525" elapsed="20.896014"/>
</kw>
<test id="s1-s1-t1" name="Login exitoso con credenciales validas" line="14">
<kw name="Ingresar credenciales validas" owner="common">
<kw name="Wait Until Element Is Visible" owner="AppiumLibrary">
<msg time="2026-02-01T17:53:33.734080" level="INFO">xpath criteria: //*[@content-desc="login_title"]</msg>
<arg>${TituloAPP}</arg>
<arg>25s</arg>
<doc>Waits until the element specified by the ``locator`` is visible.</doc>
<status status="PASS" start="2026-02-01T17:53:32.252301" elapsed="1.481936"/>
</kw>
<kw name="Wait Until Element Is Visible" owner="AppiumLibrary">
<msg time="2026-02-01T17:53:33.905693" level="INFO">xpath criteria: //android.widget.EditText[.//*[@content-desc="email_input"]]</msg>
<arg>${Email}</arg>
<arg>25s</arg>
<doc>Waits until the element specified by the ``locator`` is visible.</doc>
<status status="PASS" start="2026-02-01T17:53:33.734523" elapsed="0.171566"/>
</kw>
<kw name="Wait Until Element Is Visible" owner="AppiumLibrary">
<msg time="2026-02-01T17:53:34.066858" level="INFO">xpath criteria: //android.widget.EditText[.//*[@content-desc="password_input"]]</msg>
<arg>${Password}</arg>
<arg>25s</arg>
<doc>Waits until the element specified by the ``locator`` is visible.</doc>
<status status="PASS" start="2026-02-01T17:53:33.906720" elapsed="0.160323"/>
</kw>
<kw name="Input Text" owner="AppiumLibrary">
<msg time="2026-02-01T17:53:34.069954" level="INFO">Typing text 'admin@test.com' into text field 'xpath=//android.widget.EditText[.//*[@content-desc="email_input"]]'</msg>
<msg time="2026-02-01T17:53:34.240376" level="INFO">xpath criteria: //android.widget.EditText[.//*[@content-desc="email_input"]]</msg>
<arg>${Email}</arg>
<arg>${USERNAME}</arg>
<doc>Types the given ``text`` into the text field identified by ``locator``.</doc>
<status status="PASS" start="2026-02-01T17:53:34.067326" elapsed="0.173190"/>
</kw>
<kw name="Input Password" owner="AppiumLibrary">
<msg time="2026-02-01T17:53:34.244001" level="INFO">Typing password into text field 'xpath=//android.widget.EditText[.//*[@content-desc="password_input"]]'</msg>
<msg time="2026-02-01T17:53:34.791793" level="INFO">xpath criteria: //android.widget.EditText[.//*[@content-desc="password_input"]]</msg>
<arg>${Password}</arg>
<arg>${CONTRASENA}</arg>
<doc>Types the given password into the text field identified by ``locator``.</doc>
<status status="PASS" start="2026-02-01T17:53:34.240781" elapsed="0.551171"/>
</kw>
<kw name="Capture Page Screenshot" owner="AppiumLibrary">
<msg time="2026-02-01T17:53:35.591378" level="INFO" html="true">&lt;/td&gt;&lt;/tr&gt;&lt;tr&gt;&lt;td colspan="3"&gt;&lt;a href="pantalla_login.png"&gt;&lt;img src="pantalla_login.png" width="800px"&gt;&lt;/a&gt;</msg>
<arg>pantalla_login.png</arg>
<doc>Takes a screenshot of the current page and embeds it into the log.</doc>
<status status="PASS" start="2026-02-01T17:53:34.792284" elapsed="0.799270"/>
</kw>
<status status="PASS" start="2026-02-01T17:53:32.251805" elapsed="3.339893"/>
</kw>
<kw name="Hacer Login" owner="common">
<kw name="Wait Until Element Is Visible" owner="AppiumLibrary">
<msg time="2026-02-01T17:53:35.741801" level="INFO">xpath criteria: //*[@content-desc="login_button"]</msg>
<arg>${IniciarSesion}</arg>
<arg>25s</arg>
<doc>Waits until the element specified by the ``locator`` is visible.</doc>
<status status="PASS" start="2026-02-01T17:53:35.592528" elapsed="0.149417"/>
</kw>
<kw name="Capture Page Screenshot" owner="AppiumLibrary">
<msg time="2026-02-01T17:53:36.031488" level="INFO" html="true">&lt;/td&gt;&lt;/tr&gt;&lt;tr&gt;&lt;td colspan="3"&gt;&lt;a href="captura_login.png"&gt;&lt;img src="captura_login.png" width="800px"&gt;&lt;/a&gt;</msg>
<arg>captura_login.png</arg>
<doc>Takes a screenshot of the current page and embeds it into the log.</doc>
<status status="PASS" start="2026-02-01T17:53:35.742250" elapsed="0.289422"/>
</kw>
<kw name="Click Element" owner="AppiumLibrary">
<msg time="2026-02-01T17:53:36.034719" level="INFO">Clicking element 'xpath=//*[@content-desc="login_button"]'.</msg>
<msg time="2026-02-01T17:53:37.064583" level="INFO">xpath criteria: //*[@content-desc="login_button"]</msg>
<arg>${IniciarSesion}</arg>
<doc>Clicks the element identified by ``locator``.</doc>
<status status="PASS" start="2026-02-01T17:53:36.031936" elapsed="1.032778"/>
</kw>
<status status="PASS" start="2026-02-01T17:53:35.592059" elapsed="1.472786"/>
</kw>
<kw name="Hacer Logout" owner="common">
<kw name="Wait Until Element Is Visible" owner="AppiumLibrary">
<msg time="2026-02-01T17:53:37.528707" level="INFO">xpath criteria: //*[@content-desc="logout_button_main"]</msg>
<arg>${LOGOUT}</arg>
<arg>25s</arg>
<doc>Waits until the element specified by the ``locator`` is visible.</doc>
<status status="PASS" start="2026-02-01T17:53:37.065558" elapsed="0.463377"/>
</kw>
<kw name="Click Element" owner="AppiumLibrary">
<msg time="2026-02-01T17:53:37.531885" level="INFO">Clicking element 'xpath=//*[@content-desc="logout_button_main"]'.</msg>
<msg time="2026-02-01T17:53:37.814051" level="INFO">xpath criteria: //*[@content-desc="logout_button_main"]</msg>
<arg>${LOGOUT}</arg>
<doc>Clicks the element identified by ``locator``.</doc>
<status status="PASS" start="2026-02-01T17:53:37.529267" elapsed="0.284942"/>
</kw>
<status status="PASS" start="2026-02-01T17:53:37.065169" elapsed="0.749187"/>
</kw>
<doc>Verifica que un usuario puede iniciar y cerrar sesión con credenciales válidas</doc>
<tag>pruebas mobile</tag>
<status status="PASS" start="2026-02-01T17:53:32.250668" elapsed="5.563901"/>
</test>
<kw name="Cerrar Aplicacion" owner="common" type="TEARDOWN">
<kw name="Wait Until Element Is Visible" owner="AppiumLibrary">
<msg time="2026-02-01T17:53:38.712151" level="INFO">xpath criteria: //*[@content-desc="login_title"]</msg>
<arg>${TituloAPP}</arg>
<arg>25s</arg>
<doc>Waits until the element specified by the ``locator`` is visible.</doc>
<status status="PASS" start="2026-02-01T17:53:37.815940" elapsed="0.896380"/>
</kw>
<kw name="Close Application" owner="AppiumLibrary">
<doc>Closes the current application and the webdriver session.</doc>
<status status="PASS" start="2026-02-01T17:53:38.712631" elapsed="2.407833"/>
</kw>
<status status="PASS" start="2026-02-01T17:53:37.815627" elapsed="3.304986"/>
</kw>
<status status="PASS" start="2026-02-01T17:53:11.136177" elapsed="29.984558"/>
</suite>
<status status="PASS" start="2026-02-01T17:53:11.079487" elapsed="30.044098"/>
</suite>
<statistics>
<total>
<stat pass="1" fail="0" skip="0">All Tests</stat>
</total>
<tag>
<stat pass="1" fail="0" skip="0">pruebas mobile</stat>
</tag>
<suite>
<stat name="Tests" id="s1" pass="1" fail="0" skip="0">Tests</stat>
<stat name="Login" id="s1-s1" pass="1" fail="0" skip="0">Tests.Login</stat>
</suite>
</statistics>
<errors>
</errors>
</robot>
