<?xml version="1.0" encoding="UTF-8"?>
<robot generator="Robot 7.4.1 (Python 3.11.14 on linux)" generated="2026-01-31T05:06:26.485209" rpa="false" schemaversion="5">
<suite id="s1" name="Tests" source="/home/runner/work/loginAppKotlin-tests/loginAppKotlin-tests/tests">
<suite id="s1-s1" name="Login" source="/home/runner/work/loginAppKotlin-tests/loginAppKotlin-tests/tests/login.robot">
<kw name="Abrir Aplicacion" owner="common" type="SETUP">
<kw name="Open Application" owner="AppiumLibrary">
<arg>${REMOTE_URL}</arg>
<arg>platformName=${platformName}</arg>
<arg>deviceName=${deviceName}</arg>
<arg>automationName=${automationName}</arg>
<arg>appPackage=${appPackage}</arg>
<arg>appActivity=${appActivity}</arg>
<arg>avd=${avd}</arg>
<arg>app=${app}</arg>
<arg>newCommandTimeout=${newCommandTimeout}</arg>
<arg>adbExecTimeout=${adbExecTimeout}</arg>
<arg>autoGrantPermissions=${autoGrantPermissions}</arg>
<arg>noReset=${noReset}</arg>
<doc>Opens a new application to the given Appium server.
Capabilities of appium server, Android and iOS,
Please check https://appium.io/docs/en/2.19/guides/caps/
| *Option*            | *Man.* | *Description*     |
| remote_url          | Yes    | Appium server url |
| alias               | No     | alias             |</doc>
<status status="PASS" start="2026-01-31T05:06:26.696842" elapsed="126.798342"/>
</kw>
<status status="PASS" start="2026-01-31T05:06:26.696304" elapsed="126.799021"/>
</kw>
<test id="s1-s1-t1" name="Login exitoso con credenciales validas" line="11">
<kw name="Ingresar credenciales validas" owner="common">
<kw name="Sleep" owner="BuiltIn">
<msg time="2026-01-31T05:08:53.496602" level="INFO">Slept 20 seconds.</msg>
<arg>20</arg>
<doc>Pauses the test executed for the given time.</doc>
<status status="PASS" start="2026-01-31T05:08:33.496191" elapsed="20.000568"/>
</kw>
<kw name="Input Text" owner="AppiumLibrary">
<msg time="2026-01-31T05:08:53.498462" level="INFO">Typing text 'admin@test.com' into text field 'xpath=//android.widget.EditText[@password='false' and .//android.widget.TextView[@text='Correo Electrónico']]'</msg>
<msg time="2026-01-31T05:08:58.891476" level="INFO">xpath criteria: //android.widget.EditText[@password='false' and .//android.widget.TextView[@text='Correo Electrónico']]</msg>
<arg>${Email}</arg>
<arg>${USERNAME}</arg>
<doc>Types the given ``text`` into the text field identified by ``locator``.</doc>
<status status="PASS" start="2026-01-31T05:08:53.496975" elapsed="5.394599"/>
</kw>
<kw name="Input Password" owner="AppiumLibrary">
<msg time="2026-01-31T05:08:58.893262" level="INFO">Typing password into text field 'xpath=//android.widget.EditText[@password='true' and .//android.widget.TextView[@text='Contraseña']]'</msg>
<msg time="2026-01-31T05:09:01.599716" level="INFO">xpath criteria: //android.widget.EditText[@password='true' and .//android.widget.TextView[@text='Contraseña']]</msg>
<arg>${Password}</arg>
<arg>${CONTRASENA}</arg>
<doc>Types the given password into the text field identified by ``locator``.</doc>
<status status="PASS" start="2026-01-31T05:08:58.891764" elapsed="2.708081"/>
</kw>
<kw name="Capture Page Screenshot" owner="AppiumLibrary">
<msg time="2026-01-31T05:09:06.918994" level="INFO" html="true">&lt;/td&gt;&lt;/tr&gt;&lt;tr&gt;&lt;td colspan="3"&gt;&lt;a href="debug_screen.png"&gt;&lt;img src="debug_screen.png" width="800px"&gt;&lt;/a&gt;</msg>
<arg>debug_screen.png</arg>
<doc>Takes a screenshot of the current page and embeds it into the log.</doc>
<status status="PASS" start="2026-01-31T05:09:01.600098" elapsed="5.319078"/>
</kw>
<status status="PASS" start="2026-01-31T05:08:33.495915" elapsed="33.423403"/>
</kw>
<tag>pruebas mobile</tag>
<status status="PASS" start="2026-01-31T05:08:33.495398" elapsed="33.424119"/>
</test>
<kw name="Cerrar Aplicacion" owner="common" type="TEARDOWN">
<kw name="Close Application" owner="AppiumLibrary">
<doc>Closes the current application and the webdriver session.</doc>
<status status="PASS" start="2026-01-31T05:09:06.920616" elapsed="6.746479"/>
</kw>
<status status="PASS" start="2026-01-31T05:09:06.920323" elapsed="6.746918"/>
</kw>
<status status="PASS" start="2026-01-31T05:06:26.516414" elapsed="167.150860"/>
</suite>
<status status="PASS" start="2026-01-31T05:06:26.491290" elapsed="167.176584"/>
</suite>
<statistics>
<total>
<stat pass="1" fail="0" skip="0">All Tests</stat>
</total>
<tag>
<stat pass="1" fail="0" skip="0">pruebas mobile</stat>
</tag>
<suite>
<stat name="Tests" id="s1" pass="1" fail="0" skip="0">Tests</stat>
<stat name="Login" id="s1-s1" pass="1" fail="0" skip="0">Tests.Login</stat>
</suite>
</statistics>
<errors>
</errors>
</robot>
