<?xml version="1.0" encoding="UTF-8"?>
<robot generator="Robot 7.4.1 (Python 3.10.12 on linux)" generated="2026-02-01T07:01:45.541519" rpa="false" schemaversion="5">
<suite id="s1" name="Tests" source="/app/tests">
<suite id="s1-s1" name="Login" source="/app/tests/login.robot">
<kw name="Abrir Aplicacion" owner="common" type="SETUP">
<kw name="Open Application" owner="AppiumLibrary">
<msg time="2026-02-01T07:01:45.784814" level="WARN">Retrying (Retry(total=2, connect=None, read=None, redirect=None, status=None)) after connection broken by 'NewConnectionError("HTTPConnection(host='android-emulator', port=4723): Failed to establish a new connection: [Errno 111] Connection refused")': /session</msg>
<msg time="2026-02-01T07:01:45.785600" level="WARN">Retrying (Retry(total=1, connect=None, read=None, redirect=None, status=None)) after connection broken by 'NewConnectionError("HTTPConnection(host='android-emulator', port=4723): Failed to establish a new connection: [Errno 111] Connection refused")': /session</msg>
<msg time="2026-02-01T07:01:45.786534" level="WARN">Retrying (Retry(total=0, connect=None, read=None, redirect=None, status=None)) after connection broken by 'NewConnectionError("HTTPConnection(host='android-emulator', port=4723): Failed to establish a new connection: [Errno 111] Connection refused")': /session</msg>
<kw name="Capture Page Screenshot" owner="AppiumLibrary">
<msg time="2026-02-01T07:01:45.787954" level="FAIL">No application is open</msg>
<doc>Takes a screenshot of the current page and embeds it into the log.</doc>
<status status="FAIL" start="2026-02-01T07:01:45.787639" elapsed="0.003179">No application is open</status>
</kw>
<msg time="2026-02-01T07:01:45.792995" level="WARN">Keyword 'Capture Page Screenshot' could not be run on failure: No application is open</msg>
<msg time="2026-02-01T07:01:45.793242" level="FAIL">MaxRetryError: HTTPConnectionPool(host='android-emulator', port=4723): Max retries exceeded with url: /session (Caused by NewConnectionError("HTTPConnection(host='android-emulator', port=4723): Failed to establish a new connection: [Errno 111] Connection refused"))</msg>
<arg>${REMOTE_URL}</arg>
<arg>platformName=${platformName}</arg>
<arg>appium:deviceName=${deviceName}</arg>
<arg>appium:automationName=${automationName}</arg>
<arg>appium:appPackage=${appPackage}</arg>
<arg>appium:appActivity=${appActivity}</arg>
<arg>appium:avd=${avd}</arg>
<arg>appium:app=${app}</arg>
<arg>appium:newCommandTimeout=${newCommandTimeout}</arg>
<arg>appium:adbExecTimeout=${adbExecTimeout}</arg>
<arg>appium:autoGrantPermissions=${autoGrantPermissions}</arg>
<arg>appium:noReset=${noReset}</arg>
<doc>Opens a new application to the given Appium server.
Capabilities of appium server, Android and iOS,
Please check https://appium.io/docs/en/2.19/guides/caps/
| *Option*            | *Man.* | *Description*     |
| remote_url          | Yes    | Appium server url |
| alias               | No     | alias             |</doc>
<status status="FAIL" start="2026-02-01T07:01:45.780056" elapsed="0.013635">MaxRetryError: HTTPConnectionPool(host='android-emulator', port=4723): Max retries exceeded with url: /session (Caused by NewConnectionError("HTTPConnection(host='android-emulator', port=4723): Failed to establish a new connection: [Errno 111] Connection refused"))</status>
</kw>
<status status="FAIL" start="2026-02-01T07:01:45.779169" elapsed="0.014757">MaxRetryError: HTTPConnectionPool(host='android-emulator', port=4723): Max retries exceeded with url: /session (Caused by NewConnectionError("HTTPConnection(host='android-emulator', port=4723): Failed to establish a new connection: [Errno 111] Connection refused"))</status>
</kw>
<test id="s1-s1-t1" name="Login exitoso con credenciales validas" line="14">
<doc>Verifica que un usuario puede iniciar y cerrar sesión con credenciales válidas</doc>
<tag>pruebas mobile</tag>
<status status="FAIL" start="2026-02-01T07:01:45.794051" elapsed="0.000814">Parent suite setup failed:
MaxRetryError: HTTPConnectionPool(host='android-emulator', port=4723): Max retries exceeded with url: /session (Caused by NewConnectionError("HTTPConnection(host='android-emulator', port=4723): Failed to establish a new connection: [Errno 111] Connection refused"))</status>
</test>
<kw name="Cerrar Aplicacion" owner="common" type="TEARDOWN">
<kw name="Wait Until Element Is Visible" owner="AppiumLibrary">
<kw name="Capture Page Screenshot" owner="AppiumLibrary">
<msg time="2026-02-01T07:01:45.796822" level="FAIL">No application is open</msg>
<doc>Takes a screenshot of the current page and embeds it into the log.</doc>
<status status="FAIL" start="2026-02-01T07:01:45.796542" elapsed="0.001195">No application is open</status>
</kw>
<msg time="2026-02-01T07:01:45.800003" level="WARN">Keyword 'Capture Page Screenshot' could not be run on failure: No application is open</msg>
<msg time="2026-02-01T07:01:45.800241" level="FAIL">No application is open</msg>
<arg>${TituloAPP}</arg>
<arg>25s</arg>
<doc>Waits until the element specified by the ``locator`` is visible.</doc>
<status status="FAIL" start="2026-02-01T07:01:45.796080" elapsed="0.004360">No application is open</status>
</kw>
<kw name="Close Application" owner="AppiumLibrary">
<kw name="Capture Page Screenshot" owner="AppiumLibrary">
<msg time="2026-02-01T07:01:45.801103" level="FAIL">No application is open</msg>
<doc>Takes a screenshot of the current page and embeds it into the log.</doc>
<status status="FAIL" start="2026-02-01T07:01:45.800890" elapsed="0.000438">No application is open</status>
</kw>
<msg time="2026-02-01T07:01:45.803557" level="WARN">Keyword 'Capture Page Screenshot' could not be run on failure: No application is open</msg>
<msg time="2026-02-01T07:01:45.803815" level="FAIL">No application is open</msg>
<doc>Closes the current application and the webdriver session.</doc>
<status status="FAIL" start="2026-02-01T07:01:45.800616" elapsed="0.003365">No application is open</status>
</kw>
<status status="FAIL" start="2026-02-01T07:01:45.795801" elapsed="0.008362">Several failures occurred:

1) No application is open

2) No application is open</status>
</kw>
<status status="FAIL" start="2026-02-01T07:01:45.587228" elapsed="0.217014">Suite setup failed:
MaxRetryError: HTTPConnectionPool(host='android-emulator', port=4723): Max retries exceeded with url: /session (Caused by NewConnectionError("HTTPConnection(host='android-emulator', port=4723): Failed to establish a new connection: [Errno 111] Connection refused"))

Also suite teardown failed:
Several failures occurred:

1) No application is open

2) No application is open</status>
</suite>
<status status="FAIL" start="2026-02-01T07:01:45.544760" elapsed="0.260437"/>
</suite>
<statistics>
<total>
<stat pass="0" fail="1" skip="0">All Tests</stat>
</total>
<tag>
<stat pass="0" fail="1" skip="0">pruebas mobile</stat>
</tag>
<suite>
<stat name="Tests" id="s1" pass="0" fail="1" skip="0">Tests</stat>
<stat name="Login" id="s1-s1" pass="0" fail="1" skip="0">Tests.Login</stat>
</suite>
</statistics>
<errors>
<msg time="2026-02-01T07:01:45.784814" level="WARN">Retrying (Retry(total=2, connect=None, read=None, redirect=None, status=None)) after connection broken by 'NewConnectionError("HTTPConnection(host='android-emulator', port=4723): Failed to establish a new connection: [Errno 111] Connection refused")': /session</msg>
<msg time="2026-02-01T07:01:45.785600" level="WARN">Retrying (Retry(total=1, connect=None, read=None, redirect=None, status=None)) after connection broken by 'NewConnectionError("HTTPConnection(host='android-emulator', port=4723): Failed to establish a new connection: [Errno 111] Connection refused")': /session</msg>
<msg time="2026-02-01T07:01:45.786534" level="WARN">Retrying (Retry(total=0, connect=None, read=None, redirect=None, status=None)) after connection broken by 'NewConnectionError("HTTPConnection(host='android-emulator', port=4723): Failed to establish a new connection: [Errno 111] Connection refused")': /session</msg>
<msg time="2026-02-01T07:01:45.792995" level="WARN">Keyword 'Capture Page Screenshot' could not be run on failure: No application is open</msg>
<msg time="2026-02-01T07:01:45.800003" level="WARN">Keyword 'Capture Page Screenshot' could not be run on failure: No application is open</msg>
<msg time="2026-02-01T07:01:45.803557" level="WARN">Keyword 'Capture Page Screenshot' could not be run on failure: No application is open</msg>
</errors>
</robot>
